#
# There is insufficient memory for the Java Runtime Environment to continue.
# Native memory allocation (malloc) failed to allocate 728656 bytes for Chunk::new
# Possible reasons:
#   The system is out of physical RAM or swap space
#   The process is running with CompressedOops enabled, and the Java Heap may be blocking the growth of the native heap
# Possible solutions:
#   Reduce memory load on the system
#   Increase physical memory or swap space
#   Check if swap backing store is full
#   Decrease Java heap size (-Xmx/-Xms)
#   Decrease number of Java threads
#   Decrease Java thread stack sizes (-Xss)
#   Set larger code cache with -XX:ReservedCodeCacheSize=
#   JVM is running with Unscaled Compressed Oops mode in which the Java heap is
#     placed in the first 4GB address space. The Java Heap base address is the
#     maximum limit for the native heap growth. Please use -XX:HeapBaseMinAddress
#     to set the Java Heap base and to place the Java Heap above 4GB virtual address.
# This output file may be truncated or incomplete.
#
#  Out of Memory Error (arena.cpp:189), pid=17884, tid=14104
#
# JRE version: Java(TM) SE Runtime Environment (17.0.10+11) (build 17.0.10+11-LTS-240)
# Java VM: Java HotSpot(TM) 64-Bit Server VM (17.0.10+11-LTS-240, mixed mode, sharing, tiered, compressed oops, compressed class ptrs, g1 gc, windows-amd64)
# No core dump will be written. Minidumps are not enabled by default on client versions of Windows
#

---------------  S U M M A R Y ------------

Command Line: -Dfile.encoding=UTF-8 -XX:+ShowCodeDetailsInExceptionMessages com.ecommerce.productSecurity.ProductSecurityApplication

Host: 11th Gen Intel(R) Core(TM) i3-1125G4 @ 2.00GHz, 8 cores, 7G,  Windows 11 , 64 bit Build 22621 (10.0.22621.3374)
Time: Tue May  7 16:05:58 2024 GMT Daylight Time elapsed time: 2393.315168 seconds (0d 0h 39m 53s)

---------------  T H R E A D  ---------------

Current thread (0x0000022ab8917200):  JavaThread "C2 CompilerThread0" daemon [_thread_in_native, id=14104, stack(0x000000e752900000,0x000000e752a00000)]


Current CompileTask:
C2:2393315 8609       4       com.fasterxml.jackson.core.json.UTF8JsonGenerator::_flushBuffer (28 bytes)

Stack: [0x000000e752900000,0x000000e752a00000]
Native frames: (J=compiled Java code, j=interpreted, Vv=VM code, C=native code)
V  [jvm.dll+0x677a5a]
V  [jvm.dll+0x7d8b2d]
V  [jvm.dll+0x7da48e]
V  [jvm.dll+0x7daaf3]
V  [jvm.dll+0x2455ff]
V  [jvm.dll+0xaaafb]
V  [jvm.dll+0xab09c]
V  [jvm.dll+0x361bae]
V  [jvm.dll+0x1bb1da]
V  [jvm.dll+0x217aa7]
V  [jvm.dll+0x216d81]
V  [jvm.dll+0x1a3410]
V  [jvm.dll+0x226aeb]
V  [jvm.dll+0x224cab]
V  [jvm.dll+0x78e45c]
V  [jvm.dll+0x78888a]
V  [jvm.dll+0x676935]
C  [ucrtbase.dll+0x29333]
C  [KERNEL32.DLL+0x1257d]
C  [ntdll.dll+0x5aa48]


---------------  P R O C E S S  ---------------

Threads class SMR info:
_java_thread_list=0x0000022a8277f590, length=29, elements={
0x0000022ab88f48e0, 0x0000022ab88f4eb0, 0x0000022ab8906180, 0x0000022ab8906660,
0x0000022ab8906b40, 0x0000022ab8912930, 0x0000022ab8917200, 0x0000022ab89177d0,
0x0000022ab891bd00, 0x0000022ab8b7e680, 0x0000022ab8b91820, 0x0000022a80e40c90,
0x0000022a82747830, 0x0000022afe6c9590, 0x0000022a81efb9b0, 0x0000022a81efa060,
0x0000022a81f005a0, 0x0000022a81efe740, 0x0000022a81efc3d0, 0x0000022a81f00ab0,
0x0000022a81efa570, 0x0000022a81efcdf0, 0x0000022a81f014d0, 0x0000022a81f019e0,
0x0000022a81efaa80, 0x0000022a81efaf90, 0x0000022a81efb4a0, 0x0000022a81efc8e0,
0x0000022a81efbec0
}

Java Threads: ( => current thread )
  0x0000022ab88f48e0 JavaThread "Reference Handler" daemon [_thread_blocked, id=20728, stack(0x000000e752300000,0x000000e752400000)]
  0x0000022ab88f4eb0 JavaThread "Finalizer" daemon [_thread_blocked, id=10880, stack(0x000000e752400000,0x000000e752500000)]
  0x0000022ab8906180 JavaThread "Signal Dispatcher" daemon [_thread_blocked, id=4060, stack(0x000000e752500000,0x000000e752600000)]
  0x0000022ab8906660 JavaThread "Attach Listener" daemon [_thread_blocked, id=20368, stack(0x000000e752600000,0x000000e752700000)]
  0x0000022ab8906b40 JavaThread "Service Thread" daemon [_thread_blocked, id=10876, stack(0x000000e752700000,0x000000e752800000)]
  0x0000022ab8912930 JavaThread "Monitor Deflation Thread" daemon [_thread_blocked, id=24684, stack(0x000000e752800000,0x000000e752900000)]
=>0x0000022ab8917200 JavaThread "C2 CompilerThread0" daemon [_thread_in_native, id=14104, stack(0x000000e752900000,0x000000e752a00000)]
  0x0000022ab89177d0 JavaThread "C1 CompilerThread0" daemon [_thread_blocked, id=12012, stack(0x000000e752a00000,0x000000e752b00000)]
  0x0000022ab891bd00 JavaThread "Sweeper thread" daemon [_thread_blocked, id=1208, stack(0x000000e752b00000,0x000000e752c00000)]
  0x0000022ab8b7e680 JavaThread "Notification Thread" daemon [_thread_blocked, id=4264, stack(0x000000e752c00000,0x000000e752d00000)]
  0x0000022ab8b91820 JavaThread "Common-Cleaner" daemon [_thread_blocked, id=6216, stack(0x000000e752e00000,0x000000e752f00000)]
  0x0000022a80e40c90 JavaThread "mysql-cj-abandoned-connection-cleanup" daemon [_thread_blocked, id=12592, stack(0x000000e753900000,0x000000e753a00000)]
  0x0000022a82747830 JavaThread "HikariPool-1 housekeeper" daemon [_thread_blocked, id=22548, stack(0x000000e753b00000,0x000000e753c00000)]
  0x0000022afe6c9590 JavaThread "Catalina-utility-1" [_thread_blocked, id=10264, stack(0x000000e753800000,0x000000e753900000)]
  0x0000022a81efb9b0 JavaThread "Catalina-utility-2" [_thread_blocked, id=22948, stack(0x000000e753d00000,0x000000e753e00000)]
  0x0000022a81efa060 JavaThread "container-0" [_thread_blocked, id=3372, stack(0x000000e753e00000,0x000000e753f00000)]
  0x0000022a81f005a0 JavaThread "http-nio-9090-exec-1" daemon [_thread_blocked, id=748, stack(0x000000e754000000,0x000000e754100000)]
  0x0000022a81efe740 JavaThread "http-nio-9090-exec-2" daemon [_thread_blocked, id=2040, stack(0x000000e754100000,0x000000e754200000)]
  0x0000022a81efc3d0 JavaThread "http-nio-9090-exec-3" daemon [_thread_blocked, id=21476, stack(0x000000e754200000,0x000000e754300000)]
  0x0000022a81f00ab0 JavaThread "http-nio-9090-exec-4" daemon [_thread_blocked, id=14704, stack(0x000000e754300000,0x000000e754400000)]
  0x0000022a81efa570 JavaThread "http-nio-9090-exec-5" daemon [_thread_blocked, id=21876, stack(0x000000e754400000,0x000000e754500000)]
  0x0000022a81efcdf0 JavaThread "http-nio-9090-exec-6" daemon [_thread_blocked, id=13952, stack(0x000000e754500000,0x000000e754600000)]
  0x0000022a81f014d0 JavaThread "http-nio-9090-exec-7" daemon [_thread_blocked, id=20140, stack(0x000000e754600000,0x000000e754700000)]
  0x0000022a81f019e0 JavaThread "http-nio-9090-exec-8" daemon [_thread_blocked, id=3684, stack(0x000000e754700000,0x000000e754800000)]
  0x0000022a81efaa80 JavaThread "http-nio-9090-exec-9" daemon [_thread_blocked, id=14476, stack(0x000000e754800000,0x000000e754900000)]
  0x0000022a81efaf90 JavaThread "http-nio-9090-exec-10" daemon [_thread_blocked, id=19140, stack(0x000000e754900000,0x000000e754a00000)]
  0x0000022a81efb4a0 JavaThread "http-nio-9090-Poller" daemon [_thread_in_native, id=23384, stack(0x000000e754a00000,0x000000e754b00000)]
  0x0000022a81efc8e0 JavaThread "http-nio-9090-Acceptor" daemon [_thread_in_native, id=14996, stack(0x000000e754b00000,0x000000e754c00000)]
  0x0000022a81efbec0 JavaThread "DestroyJavaVM" [_thread_blocked, id=24664, stack(0x000000e751c00000,0x000000e751d00000)]

Other Threads:
  0x0000022ab88eef30 VMThread "VM Thread" [stack: 0x000000e752200000,0x000000e752300000] [id=19800]
  0x0000022ab8b80b70 WatcherThread [stack: 0x000000e752d00000,0x000000e752e00000] [id=16492]
  0x0000022a98a594c0 GCTaskThread "GC Thread#0" [stack: 0x000000e751d00000,0x000000e751e00000] [id=4544]
  0x0000022afe71d050 GCTaskThread "GC Thread#1" [stack: 0x000000e752f00000,0x000000e753000000] [id=11388]
  0x0000022afe6f7ca0 GCTaskThread "GC Thread#2" [stack: 0x000000e753000000,0x000000e753100000] [id=1936]
  0x0000022afe6f7f60 GCTaskThread "GC Thread#3" [stack: 0x000000e753100000,0x000000e753200000] [id=2808]
  0x0000022afe6f8220 GCTaskThread "GC Thread#4" [stack: 0x000000e753200000,0x000000e753300000] [id=1216]
  0x0000022afe6f84e0 GCTaskThread "GC Thread#5" [stack: 0x000000e753300000,0x000000e753400000] [id=5360]
  0x0000022afef22d80 GCTaskThread "GC Thread#6" [stack: 0x000000e753500000,0x000000e753600000] [id=4908]
  0x0000022aff564cc0 GCTaskThread "GC Thread#7" [stack: 0x000000e753600000,0x000000e753700000] [id=24860]
  0x0000022a98a69b10 ConcurrentGCThread "G1 Main Marker" [stack: 0x000000e751e00000,0x000000e751f00000] [id=5200]
  0x0000022a98a6abc0 ConcurrentGCThread "G1 Conc#0" [stack: 0x000000e751f00000,0x000000e752000000] [id=8056]
  0x0000022a801fbd60 ConcurrentGCThread "G1 Conc#1" [stack: 0x000000e753400000,0x000000e753500000] [id=20600]
  0x0000022a98abde80 ConcurrentGCThread "G1 Refine#0" [stack: 0x000000e752000000,0x000000e752100000] [id=16896]
  0x0000022ab879e600 ConcurrentGCThread "G1 Service" [stack: 0x000000e752100000,0x000000e752200000] [id=3304]

Threads with active compile tasks:
C2 CompilerThread0  2393394 8609       4       com.fasterxml.jackson.core.json.UTF8JsonGenerator::_flushBuffer (28 bytes)

VM state: not at safepoint (normal execution)

VM Mutex/Monitor currently owned by a thread: None

Heap address: 0x0000000084000000, size: 1984 MB, Compressed Oops mode: 32-bit

CDS archive(s) mapped at: [0x0000022ab9000000-0x0000022ab9bd0000-0x0000022ab9bd0000), size 12386304, SharedBaseAddress: 0x0000022ab9000000, ArchiveRelocationMode: 1.
Compressed class space mapped at: 0x0000022aba000000-0x0000022afa000000, reserved size: 1073741824
Narrow klass base: 0x0000022ab9000000, Narrow klass shift: 0, Narrow klass range: 0x100000000

GC Precious Log:
 CPUs: 8 total, 8 available
 Memory: 7930M
 Large Page Support: Disabled
 NUMA Support: Disabled
 Compressed Oops: Enabled (32-bit)
 Heap Region Size: 1M
 Heap Min Capacity: 8M
 Heap Initial Capacity: 124M
 Heap Max Capacity: 1984M
 Pre-touch: Disabled
 Parallel Workers: 8
 Concurrent Workers: 2
 Concurrent Refinement Workers: 8
 Periodic GC: Disabled

Heap:
 garbage-first heap   total 66560K, used 37190K [0x0000000084000000, 0x0000000100000000)
  region size 1024K, 10 young (10240K), 1 survivors (1024K)
 Metaspace       used 73066K, committed 73728K, reserved 1114112K
  class space    used 9773K, committed 10112K, reserved 1048576K

Heap Regions: E=young(eden), S=young(survivor), O=old, HS=humongous(starts), HC=humongous(continues), CS=collection set, F=free, OA=open archive, CA=closed archive, TAMS=top-at-mark-start (previous, next)
|   0|0x0000000084000000, 0x0000000084100000, 0x0000000084100000|100%|HS|  |TAMS 0x0000000084100000, 0x0000000084000000| Complete 
|   1|0x0000000084100000, 0x0000000084100000, 0x0000000084200000|  0%| F|  |TAMS 0x0000000084100000, 0x0000000084100000| Untracked 
|   2|0x0000000084200000, 0x0000000084300000, 0x0000000084300000|100%| O|  |TAMS 0x0000000084300000, 0x0000000084200000| Untracked 
|   3|0x0000000084300000, 0x0000000084400000, 0x0000000084400000|100%| O|  |TAMS 0x0000000084400000, 0x0000000084300000| Untracked 
|   4|0x0000000084400000, 0x0000000084500000, 0x0000000084500000|100%| O|  |TAMS 0x0000000084500000, 0x0000000084400000| Untracked 
|   5|0x0000000084500000, 0x0000000084600000, 0x0000000084600000|100%| O|  |TAMS 0x0000000084600000, 0x0000000084500000| Untracked 
|   6|0x0000000084600000, 0x0000000084700000, 0x0000000084700000|100%| O|  |TAMS 0x0000000084700000, 0x0000000084600000| Untracked 
|   7|0x0000000084700000, 0x0000000084700000, 0x0000000084800000|  0%| F|  |TAMS 0x0000000084700000, 0x0000000084700000| Untracked 
|   8|0x0000000084800000, 0x0000000084900000, 0x0000000084900000|100%| O|  |TAMS 0x0000000084900000, 0x0000000084800000| Untracked 
|   9|0x0000000084900000, 0x0000000084a00000, 0x0000000084a00000|100%| O|  |TAMS 0x0000000084a00000, 0x0000000084900000| Untracked 
|  10|0x0000000084a00000, 0x0000000084b00000, 0x0000000084b00000|100%| O|  |TAMS 0x0000000084b00000, 0x0000000084a00000| Untracked 
|  11|0x0000000084b00000, 0x0000000084c00000, 0x0000000084c00000|100%| O|  |TAMS 0x0000000084c00000, 0x0000000084b00000| Untracked 
|  12|0x0000000084c00000, 0x0000000084d00000, 0x0000000084d00000|100%| O|  |TAMS 0x0000000084d00000, 0x0000000084c00000| Untracked 
|  13|0x0000000084d00000, 0x0000000084e00000, 0x0000000084e00000|100%| O|  |TAMS 0x0000000084e00000, 0x0000000084d00000| Untracked 
|  14|0x0000000084e00000, 0x0000000084f00000, 0x0000000084f00000|100%| O|  |TAMS 0x0000000084f00000, 0x0000000084e00000| Untracked 
|  15|0x0000000084f00000, 0x0000000084f00000, 0x0000000085000000|  0%| F|  |TAMS 0x0000000084f00000, 0x0000000084f00000| Untracked 
|  16|0x0000000085000000, 0x0000000085000000, 0x0000000085100000|  0%| F|  |TAMS 0x0000000085000000, 0x0000000085000000| Untracked 
|  17|0x0000000085100000, 0x0000000085200000, 0x0000000085200000|100%| O|  |TAMS 0x0000000085200000, 0x0000000085100000| Untracked 
|  18|0x0000000085200000, 0x0000000085300000, 0x0000000085300000|100%| O|  |TAMS 0x0000000085300000, 0x0000000085200000| Untracked 
|  19|0x0000000085300000, 0x0000000085400000, 0x0000000085400000|100%| O|  |TAMS 0x0000000085400000, 0x0000000085300000| Untracked 
|  20|0x0000000085400000, 0x0000000085500000, 0x0000000085500000|100%| O|  |TAMS 0x0000000085500000, 0x0000000085400000| Untracked 
|  21|0x0000000085500000, 0x0000000085600000, 0x0000000085600000|100%| O|  |TAMS 0x0000000085600000, 0x0000000085500000| Untracked 
|  22|0x0000000085600000, 0x0000000085700000, 0x0000000085700000|100%| O|  |TAMS 0x0000000085700000, 0x0000000085600000| Untracked 
|  23|0x0000000085700000, 0x0000000085800000, 0x0000000085800000|100%| O|  |TAMS 0x0000000085800000, 0x0000000085700000| Untracked 
|  24|0x0000000085800000, 0x0000000085900000, 0x0000000085900000|100%| O|  |TAMS 0x0000000085900000, 0x0000000085800000| Untracked 
|  25|0x0000000085900000, 0x0000000085a00000, 0x0000000085a00000|100%| O|  |TAMS 0x0000000085a00000, 0x0000000085900000| Untracked 
|  26|0x0000000085a00000, 0x0000000085a00000, 0x0000000085b00000|  0%| F|  |TAMS 0x0000000085a00000, 0x0000000085a00000| Untracked 
|  27|0x0000000085b00000, 0x0000000085c00000, 0x0000000085c00000|100%| O|  |TAMS 0x0000000085c00000, 0x0000000085b00000| Untracked 
|  28|0x0000000085c00000, 0x0000000085c00000, 0x0000000085d00000|  0%| F|  |TAMS 0x0000000085c00000, 0x0000000085c00000| Untracked 
|  29|0x0000000085d00000, 0x0000000085d00000, 0x0000000085e00000|  0%| F|  |TAMS 0x0000000085d00000, 0x0000000085d00000| Untracked 
|  30|0x0000000085e00000, 0x0000000085f00000, 0x0000000085f00000|100%| O|  |TAMS 0x0000000085ed7a00, 0x0000000085e00000| Untracked 
|  31|0x0000000085f00000, 0x0000000086000000, 0x0000000086000000|100%| O|  |TAMS 0x0000000085f00000, 0x0000000085f00000| Untracked 
|  32|0x0000000086000000, 0x0000000086100000, 0x0000000086100000|100%| O|  |TAMS 0x0000000086000000, 0x0000000086000000| Untracked 
|  33|0x0000000086100000, 0x0000000086200000, 0x0000000086200000|100%| O|  |TAMS 0x0000000086100000, 0x0000000086100000| Untracked 
|  34|0x0000000086200000, 0x0000000086300000, 0x0000000086300000|100%| O|  |TAMS 0x0000000086200000, 0x0000000086200000| Untracked 
|  35|0x0000000086300000, 0x0000000086400000, 0x0000000086400000|100%| O|  |TAMS 0x0000000086300000, 0x0000000086300000| Untracked 
|  36|0x0000000086400000, 0x0000000086445400, 0x0000000086500000| 27%| O|  |TAMS 0x0000000086400000, 0x0000000086400000| Untracked 
|  37|0x0000000086500000, 0x0000000086500000, 0x0000000086600000|  0%| F|  |TAMS 0x0000000086500000, 0x0000000086500000| Untracked 
|  38|0x0000000086600000, 0x0000000086600000, 0x0000000086700000|  0%| F|  |TAMS 0x0000000086600000, 0x0000000086600000| Untracked 
|  39|0x0000000086700000, 0x0000000086700000, 0x0000000086800000|  0%| F|  |TAMS 0x0000000086700000, 0x0000000086700000| Untracked 
|  40|0x0000000086800000, 0x0000000086800000, 0x0000000086900000|  0%| F|  |TAMS 0x0000000086800000, 0x0000000086800000| Untracked 
|  41|0x0000000086900000, 0x0000000086900000, 0x0000000086a00000|  0%| F|  |TAMS 0x0000000086900000, 0x0000000086900000| Untracked 
|  42|0x0000000086a00000, 0x0000000086a00000, 0x0000000086b00000|  0%| F|  |TAMS 0x0000000086a00000, 0x0000000086a00000| Untracked 
|  43|0x0000000086b00000, 0x0000000086b00000, 0x0000000086c00000|  0%| F|  |TAMS 0x0000000086b00000, 0x0000000086b00000| Untracked 
|  44|0x0000000086c00000, 0x0000000086c00000, 0x0000000086d00000|  0%| F|  |TAMS 0x0000000086c00000, 0x0000000086c00000| Untracked 
|  45|0x0000000086d00000, 0x0000000086d00000, 0x0000000086e00000|  0%| F|  |TAMS 0x0000000086d00000, 0x0000000086d00000| Untracked 
|  46|0x0000000086e00000, 0x0000000086e00000, 0x0000000086f00000|  0%| F|  |TAMS 0x0000000086e00000, 0x0000000086e00000| Untracked 
|  47|0x0000000086f00000, 0x0000000086f00000, 0x0000000087000000|  0%| F|  |TAMS 0x0000000086f00000, 0x0000000086f00000| Untracked 
|  48|0x0000000087000000, 0x0000000087000000, 0x0000000087100000|  0%| F|  |TAMS 0x0000000087000000, 0x0000000087000000| Untracked 
|  49|0x0000000087100000, 0x0000000087100000, 0x0000000087200000|  0%| F|  |TAMS 0x0000000087100000, 0x0000000087100000| Untracked 
|  50|0x0000000087200000, 0x0000000087200000, 0x0000000087300000|  0%| F|  |TAMS 0x0000000087200000, 0x0000000087200000| Untracked 
|  51|0x0000000087300000, 0x0000000087300000, 0x0000000087400000|  0%| F|  |TAMS 0x0000000087300000, 0x0000000087300000| Untracked 
|  52|0x0000000087400000, 0x0000000087400000, 0x0000000087500000|  0%| F|  |TAMS 0x0000000087400000, 0x0000000087400000| Untracked 
|  53|0x0000000087500000, 0x0000000087500000, 0x0000000087600000|  0%| F|  |TAMS 0x0000000087500000, 0x0000000087500000| Untracked 
|  54|0x0000000087600000, 0x0000000087600000, 0x0000000087700000|  0%| F|  |TAMS 0x0000000087600000, 0x0000000087600000| Untracked 
|  55|0x0000000087700000, 0x00000000877d2c30, 0x0000000087800000| 82%| E|  |TAMS 0x0000000087700000, 0x0000000087700000| Complete 
|  56|0x0000000087800000, 0x00000000878e32e0, 0x0000000087900000| 88%| E|  |TAMS 0x0000000087800000, 0x0000000087800000| Complete 
|  61|0x0000000087d00000, 0x0000000087e00000, 0x0000000087e00000|100%| E|CS|TAMS 0x0000000087d00000, 0x0000000087d00000| Complete 
|  62|0x0000000087e00000, 0x0000000087f00000, 0x0000000087f00000|100%| E|CS|TAMS 0x0000000087e00000, 0x0000000087e00000| Complete 
|  63|0x0000000087f00000, 0x0000000088000000, 0x0000000088000000|100%| E|CS|TAMS 0x0000000087f00000, 0x0000000087f00000| Complete 
|  64|0x0000000088000000, 0x0000000088100000, 0x0000000088100000|100%| E|CS|TAMS 0x0000000088000000, 0x0000000088000000| Complete 
|  65|0x0000000088100000, 0x0000000088200000, 0x0000000088200000|100%| E|CS|TAMS 0x0000000088100000, 0x0000000088100000| Complete 
|  66|0x0000000088200000, 0x000000008820c550, 0x0000000088300000|  4%| S|CS|TAMS 0x0000000088200000, 0x0000000088200000| Complete 
|  67|0x0000000088300000, 0x0000000088400000, 0x0000000088400000|100%| E|CS|TAMS 0x0000000088300000, 0x0000000088300000| Complete 
| 123|0x000000008bb00000, 0x000000008bc00000, 0x000000008bc00000|100%| E|CS|TAMS 0x000000008bb00000, 0x000000008bb00000| Complete 

Card table byte_map: [0x0000022ab18a0000,0x0000022ab1c80000] _byte_map_base: 0x0000022ab1480000

Marking Bits (Prev, Next): (CMBitMap*) 0x0000022a98a599e0, (CMBitMap*) 0x0000022a98a59a20
 Prev Bits: [0x0000022ab2060000, 0x0000022ab3f60000)
 Next Bits: [0x0000022ab3f60000, 0x0000022ab5e60000)

Polling page: 0x0000022a988a0000

Metaspace:

Usage:
  Non-class:     61.81 MB used.
      Class:      9.54 MB used.
       Both:     71.35 MB used.

Virtual space:
  Non-class space:       64.00 MB reserved,      62.12 MB ( 97%) committed,  1 nodes.
      Class space:        1.00 GB reserved,       9.88 MB ( <1%) committed,  1 nodes.
             Both:        1.06 GB reserved,      72.00 MB (  7%) committed. 

Chunk freelists:
   Non-Class:  1.42 MB
       Class:  6.09 MB
        Both:  7.51 MB

MaxMetaspaceSize: unlimited
CompressedClassSpaceSize: 1.00 GB
Initial GC threshold: 21.00 MB
Current GC threshold: 119.94 MB
CDS: on
MetaspaceReclaimPolicy: balanced
 - commit_granule_bytes: 65536.
 - commit_granule_words: 8192.
 - virtual_space_node_default_size: 8388608.
 - enlarge_chunks_in_place: 1.
 - new_chunks_are_fully_committed: 0.
 - uncommit_free_chunks: 1.
 - use_allocation_guard: 0.
 - handle_deallocations: 1.


Internal statistics:

num_allocs_failed_limit: 9.
num_arena_births: 840.
num_arena_deaths: 216.
num_vsnodes_births: 2.
num_vsnodes_deaths: 0.
num_space_committed: 1152.
num_space_uncommitted: 0.
num_chunks_returned_to_freelist: 251.
num_chunks_taken_from_freelist: 3449.
num_chunk_merges: 85.
num_chunk_splits: 2470.
num_chunks_enlarged: 1919.
num_inconsistent_stats: 0.

CodeHeap 'non-profiled nmethods': size=120000Kb used=5499Kb max_used=5499Kb free=114500Kb
 bounds [0x0000022aa9530000, 0x0000022aa9a90000, 0x0000022ab0a60000]
CodeHeap 'profiled nmethods': size=120000Kb used=14696Kb max_used=14696Kb free=105303Kb
 bounds [0x0000022aa1a60000, 0x0000022aa28c0000, 0x0000022aa8f90000]
CodeHeap 'non-nmethods': size=5760Kb used=1382Kb max_used=1433Kb free=4377Kb
 bounds [0x0000022aa8f90000, 0x0000022aa9200000, 0x0000022aa9530000]
 total_blobs=8317 nmethods=7609 adapters=619
 compilation: enabled
              stopped_count=0, restarted_count=0
 full_count=0

Compilation events (20 events):
Event: 2393.100 Thread 0x0000022ab8917200 8608   !   4       org.apache.coyote.http11.Http11OutputBuffer$SocketOutputBuffer::doWrite (88 bytes)
Event: 2393.118 Thread 0x0000022ab8917200 nmethod 8608 0x0000022aa9a8e410 code [0x0000022aa9a8e5c0, 0x0000022aa9a8e868]
Event: 2393.118 Thread 0x0000022ab8917200 8609       4       com.fasterxml.jackson.core.json.UTF8JsonGenerator::_flushBuffer (28 bytes)
Event: 2393.126 Thread 0x0000022ab89177d0 nmethod 8599 0x0000022aa28b6a10 code [0x0000022aa28b6c60, 0x0000022aa28b77d8]
Event: 2393.126 Thread 0x0000022ab89177d0 8600       3       org.hibernate.persister.entity.AbstractEntityPersister::linkToSession (16 bytes)
Event: 2393.126 Thread 0x0000022ab89177d0 nmethod 8600 0x0000022aa28b7c10 code [0x0000022aa28b7e00, 0x0000022aa28b83f8]
Event: 2393.126 Thread 0x0000022ab89177d0 8601       3       org.hibernate.persister.entity.AbstractEntityPersister$$Lambda$1499/0x0000022aba96e2d8::<init> (10 bytes)
Event: 2393.126 Thread 0x0000022ab89177d0 nmethod 8601 0x0000022aa28b8610 code [0x0000022aa28b87a0, 0x0000022aa28b8958]
Event: 2393.126 Thread 0x0000022ab89177d0 8602       3       org.hibernate.engine.internal.ManagedTypeHelper::processIfPersistentAttributeInterceptable (35 bytes)
Event: 2393.138 Thread 0x0000022ab89177d0 nmethod 8602 0x0000022aa28b8a10 code [0x0000022aa28b8c20, 0x0000022aa28b9488]
Event: 2393.138 Thread 0x0000022ab89177d0 8603       3       org.hibernate.persister.entity.AbstractEntityPersister::setIdentifier (13 bytes)
Event: 2393.138 Thread 0x0000022ab89177d0 nmethod 8603 0x0000022aa28b9710 code [0x0000022aa28b98c0, 0x0000022aa28b9aa8]
Event: 2393.138 Thread 0x0000022ab89177d0 8604       3       org.hibernate.metamodel.mapping.internal.BasicEntityIdentifierMappingImpl::setIdentifier (17 bytes)
Event: 2393.139 Thread 0x0000022ab89177d0 nmethod 8604 0x0000022aa28b9b90 code [0x0000022aa28b9d40, 0x0000022aa28b9ff8]
Event: 2393.139 Thread 0x0000022ab89177d0 8605       3       org.hibernate.sql.results.graph.entity.AbstractEntityInitializer::registerLoadingEntity (30 bytes)
Event: 2393.139 Thread 0x0000022ab89177d0 nmethod 8605 0x0000022aa28ba110 code [0x0000022aa28ba2c0, 0x0000022aa28ba5a8]
Event: 2393.139 Thread 0x0000022ab89177d0 8606       3       org.hibernate.sql.results.graph.entity.AbstractEntityInitializer::upgradeLockMode (96 bytes)
Event: 2393.159 Thread 0x0000022ab89177d0 nmethod 8606 0x0000022aa28ba790 code [0x0000022aa28baa20, 0x0000022aa28bba38]
Event: 2393.159 Thread 0x0000022ab89177d0 8607       1       org.springframework.http.converter.AbstractHttpMessageConverter::getSupportedMediaTypes (5 bytes)
Event: 2393.165 Thread 0x0000022ab89177d0 nmethod 8607 0x0000022aa9a8eb10 code [0x0000022aa9a8eca0, 0x0000022aa9a8ed78]

GC Heap History (20 events):
Event: 13.323 GC heap before
{Heap before GC invocations=15 (full 0):
 garbage-first heap   total 66560K, used 50933K [0x0000000084000000, 0x0000000100000000)
  region size 1024K, 28 young (28672K), 2 survivors (2048K)
 Metaspace       used 62037K, committed 62528K, reserved 1114112K
  class space    used 8421K, committed 8640K, reserved 1048576K
}
Event: 13.327 GC heap after
{Heap after GC invocations=16 (full 0):
 garbage-first heap   total 66560K, used 27499K [0x0000000084000000, 0x0000000100000000)
  region size 1024K, 4 young (4096K), 4 survivors (4096K)
 Metaspace       used 62037K, committed 62528K, reserved 1114112K
  class space    used 8421K, committed 8640K, reserved 1048576K
}
Event: 14.173 GC heap before
{Heap before GC invocations=16 (full 0):
 garbage-first heap   total 66560K, used 52075K [0x0000000084000000, 0x0000000100000000)
  region size 1024K, 28 young (28672K), 4 survivors (4096K)
 Metaspace       used 63704K, committed 64256K, reserved 1114112K
  class space    used 8670K, committed 8896K, reserved 1048576K
}
Event: 14.182 GC heap after
{Heap after GC invocations=17 (full 0):
 garbage-first heap   total 66560K, used 29654K [0x0000000084000000, 0x0000000100000000)
  region size 1024K, 3 young (3072K), 3 survivors (3072K)
 Metaspace       used 63704K, committed 64256K, reserved 1114112K
  class space    used 8670K, committed 8896K, reserved 1048576K
}
Event: 207.086 GC heap before
{Heap before GC invocations=17 (full 0):
 garbage-first heap   total 66560K, used 50134K [0x0000000084000000, 0x0000000100000000)
  region size 1024K, 24 young (24576K), 3 survivors (3072K)
 Metaspace       used 69543K, committed 70144K, reserved 1114112K
  class space    used 9522K, committed 9792K, reserved 1048576K
}
Event: 207.145 GC heap after
{Heap after GC invocations=18 (full 0):
 garbage-first heap   total 66560K, used 31192K [0x0000000084000000, 0x0000000100000000)
  region size 1024K, 2 young (2048K), 2 survivors (2048K)
 Metaspace       used 69543K, committed 70144K, reserved 1114112K
  class space    used 9522K, committed 9792K, reserved 1048576K
}
Event: 778.590 GC heap before
{Heap before GC invocations=18 (full 0):
 garbage-first heap   total 66560K, used 51672K [0x0000000084000000, 0x0000000100000000)
  region size 1024K, 23 young (23552K), 2 survivors (2048K)
 Metaspace       used 71095K, committed 71616K, reserved 1114112K
  class space    used 9680K, committed 9920K, reserved 1048576K
}
Event: 778.719 GC heap after
{Heap after GC invocations=19 (full 0):
 garbage-first heap   total 66560K, used 31805K [0x0000000084000000, 0x0000000100000000)
  region size 1024K, 3 young (3072K), 3 survivors (3072K)
 Metaspace       used 71095K, committed 71616K, reserved 1114112K
  class space    used 9680K, committed 9920K, reserved 1048576K
}
Event: 1075.982 GC heap before
{Heap before GC invocations=20 (full 0):
 garbage-first heap   total 66560K, used 51261K [0x0000000084000000, 0x0000000100000000)
  region size 1024K, 23 young (23552K), 3 survivors (3072K)
 Metaspace       used 72223K, committed 72768K, reserved 1114112K
  class space    used 9806K, committed 10048K, reserved 1048576K
}
Event: 1076.044 GC heap after
{Heap after GC invocations=21 (full 0):
 garbage-first heap   total 66560K, used 32399K [0x0000000084000000, 0x0000000100000000)
  region size 1024K, 2 young (2048K), 2 survivors (2048K)
 Metaspace       used 72223K, committed 72768K, reserved 1114112K
  class space    used 9806K, committed 10048K, reserved 1048576K
}
Event: 1374.407 GC heap before
{Heap before GC invocations=21 (full 0):
 garbage-first heap   total 66560K, used 51855K [0x0000000084000000, 0x0000000100000000)
  region size 1024K, 22 young (22528K), 2 survivors (2048K)
 Metaspace       used 72525K, committed 73088K, reserved 1114112K
  class space    used 9810K, committed 10048K, reserved 1048576K
}
Event: 1374.673 GC heap after
{Heap after GC invocations=22 (full 0):
 garbage-first heap   total 66560K, used 31734K [0x0000000084000000, 0x0000000100000000)
  region size 1024K, 1 young (1024K), 1 survivors (1024K)
 Metaspace       used 72525K, committed 73088K, reserved 1114112K
  class space    used 9810K, committed 10048K, reserved 1048576K
}
Event: 1605.135 GC heap before
{Heap before GC invocations=23 (full 0):
 garbage-first heap   total 66560K, used 53238K [0x0000000084000000, 0x0000000100000000)
  region size 1024K, 23 young (23552K), 1 survivors (1024K)
 Metaspace       used 72743K, committed 73344K, reserved 1114112K
  class space    used 9814K, committed 10048K, reserved 1048576K
}
Event: 1605.263 GC heap after
{Heap after GC invocations=24 (full 0):
 garbage-first heap   total 66560K, used 32351K [0x0000000084000000, 0x0000000100000000)
  region size 1024K, 2 young (2048K), 2 survivors (2048K)
 Metaspace       used 72743K, committed 73344K, reserved 1114112K
  class space    used 9814K, committed 10048K, reserved 1048576K
}
Event: 2176.340 GC heap before
{Heap before GC invocations=24 (full 0):
 garbage-first heap   total 66560K, used 52831K [0x0000000084000000, 0x0000000100000000)
  region size 1024K, 23 young (23552K), 2 survivors (2048K)
 Metaspace       used 73063K, committed 73664K, reserved 1114112K
  class space    used 9828K, committed 10112K, reserved 1048576K
}
Event: 2176.497 GC heap after
{Heap after GC invocations=25 (full 0):
 garbage-first heap   total 66560K, used 33522K [0x0000000084000000, 0x0000000100000000)
  region size 1024K, 3 young (3072K), 3 survivors (3072K)
 Metaspace       used 73063K, committed 73664K, reserved 1114112K
  class space    used 9828K, committed 10112K, reserved 1048576K
}
Event: 2389.859 GC heap before
{Heap before GC invocations=26 (full 0):
 garbage-first heap   total 66560K, used 52978K [0x0000000084000000, 0x0000000100000000)
  region size 1024K, 23 young (23552K), 3 survivors (3072K)
 Metaspace       used 72993K, committed 73728K, reserved 1114112K
  class space    used 9773K, committed 10112K, reserved 1048576K
}
Event: 2389.898 GC heap after
{Heap after GC invocations=27 (full 0):
 garbage-first heap   total 66560K, used 33097K [0x0000000084000000, 0x0000000100000000)
  region size 1024K, 1 young (1024K), 1 survivors (1024K)
 Metaspace       used 72993K, committed 73728K, reserved 1114112K
  class space    used 9773K, committed 10112K, reserved 1048576K
}
Event: 2390.858 GC heap before
{Heap before GC invocations=27 (full 0):
 garbage-first heap   total 66560K, used 34121K [0x0000000084000000, 0x0000000100000000)
  region size 1024K, 3 young (3072K), 1 survivors (1024K)
 Metaspace       used 73005K, committed 73728K, reserved 1114112K
  class space    used 9773K, committed 10112K, reserved 1048576K
}
Event: 2390.932 GC heap after
{Heap after GC invocations=28 (full 0):
 garbage-first heap   total 66560K, used 30022K [0x0000000084000000, 0x0000000100000000)
  region size 1024K, 1 young (1024K), 1 survivors (1024K)
 Metaspace       used 73005K, committed 73728K, reserved 1114112K
  class space    used 9773K, committed 10112K, reserved 1048576K
}

Deoptimization events (20 events):
Event: 2181.763 Thread 0x0000022a81f019e0 Uncommon trap: trap_request=0xffffff54 fr.pc=0x0000022aa96a3f34 relative=0x0000000000000634
Event: 2181.763 Thread 0x0000022a81f019e0 Uncommon trap: reason=speculate_null_assert action=make_not_entrant pc=0x0000022aa96a3f34 method=org.springframework.util.ConcurrentReferenceHashMap$Segment.restructureIfNecessary(Z)V @ 41 c2
Event: 2181.763 Thread 0x0000022a81f019e0 DEOPT PACKING pc=0x0000022aa96a3f34 sp=0x000000e7547fb170
Event: 2181.763 Thread 0x0000022a81f019e0 DEOPT UNPACKING pc=0x0000022aa8fe5ba3 sp=0x000000e7547fb058 mode 2
Event: 2181.763 Thread 0x0000022a81f019e0 Uncommon trap: trap_request=0xffffff54 fr.pc=0x0000022aa95aa0fc relative=0x000000000000033c
Event: 2181.763 Thread 0x0000022a81f019e0 Uncommon trap: reason=speculate_null_assert action=make_not_entrant pc=0x0000022aa95aa0fc method=org.springframework.util.ConcurrentReferenceHashMap$Segment.restructureIfNecessary(Z)V @ 41 c2
Event: 2181.763 Thread 0x0000022a81f019e0 DEOPT PACKING pc=0x0000022aa95aa0fc sp=0x000000e7547fb0f0
Event: 2181.764 Thread 0x0000022a81f019e0 DEOPT UNPACKING pc=0x0000022aa8fe5ba3 sp=0x000000e7547fb0a8 mode 2
Event: 2380.770 Thread 0x0000022a81efcdf0 Uncommon trap: trap_request=0xffffff54 fr.pc=0x0000022aa96ea9dc relative=0x00000000000004dc
Event: 2380.771 Thread 0x0000022a81efcdf0 Uncommon trap: reason=speculate_null_assert action=make_not_entrant pc=0x0000022aa96ea9dc method=org.springframework.util.ConcurrentReferenceHashMap$Segment.restructureIfNecessary(Z)V @ 41 c2
Event: 2380.771 Thread 0x0000022a81efcdf0 DEOPT PACKING pc=0x0000022aa96ea9dc sp=0x000000e7545fa950
Event: 2380.778 Thread 0x0000022a81efcdf0 DEOPT UNPACKING pc=0x0000022aa8fe5ba3 sp=0x000000e7545fa888 mode 2
Event: 2380.930 Thread 0x0000022a81efcdf0 Uncommon trap: trap_request=0xffffff45 fr.pc=0x0000022aa99b87a8 relative=0x0000000000000108
Event: 2380.930 Thread 0x0000022a81efcdf0 Uncommon trap: reason=unstable_if action=reinterpret pc=0x0000022aa99b87a8 method=org.apache.tomcat.util.net.SocketBufferHandler.setWriteBufferConfiguredForWrite(Z)V @ 21 c2
Event: 2380.930 Thread 0x0000022a81efcdf0 DEOPT PACKING pc=0x0000022aa99b87a8 sp=0x000000e7545fe870
Event: 2380.931 Thread 0x0000022a81efcdf0 DEOPT UNPACKING pc=0x0000022aa8fe5ba3 sp=0x000000e7545fe7f8 mode 2
Event: 2387.756 Thread 0x0000022a81efaf90 Uncommon trap: trap_request=0xffffffcc fr.pc=0x0000022aa9a6f424 relative=0x0000000000000284
Event: 2387.756 Thread 0x0000022a81efaf90 Uncommon trap: reason=intrinsic_or_type_checked_inlining action=make_not_entrant pc=0x0000022aa9a6f424 method=java.util.ArrayList.toArray([Ljava/lang/Object;)[Ljava/lang/Object; @ 36 c2
Event: 2387.756 Thread 0x0000022a81efaf90 DEOPT PACKING pc=0x0000022aa9a6f424 sp=0x000000e7549f8670
Event: 2387.761 Thread 0x0000022a81efaf90 DEOPT UNPACKING pc=0x0000022aa8fe5ba3 sp=0x000000e7549f8620 mode 2

Classes unloaded (20 events):
Event: 2177.179 Thread 0x0000022ab88eef30 Unloading class 0x0000022aba250000 'jdk/internal/reflect/GeneratedConstructorAccessor9'
Event: 2177.180 Thread 0x0000022ab88eef30 Unloading class 0x0000022aba246800 'jdk/internal/reflect/GeneratedConstructorAccessor8'
Event: 2177.180 Thread 0x0000022ab88eef30 Unloading class 0x0000022aba246400 'jdk/internal/reflect/GeneratedConstructorAccessor7'
Event: 2177.180 Thread 0x0000022ab88eef30 Unloading class 0x0000022aba246000 'jdk/internal/reflect/GeneratedConstructorAccessor6'
Event: 2177.181 Thread 0x0000022ab88eef30 Unloading class 0x0000022aba245400 'java/lang/invoke/LambdaForm$MH+0x0000022aba245400'
Event: 2177.181 Thread 0x0000022ab88eef30 Unloading class 0x0000022aba245000 'java/lang/invoke/LambdaForm$MH+0x0000022aba245000'
Event: 2177.181 Thread 0x0000022ab88eef30 Unloading class 0x0000022aba244c00 'java/lang/invoke/LambdaForm$MH+0x0000022aba244c00'
Event: 2177.181 Thread 0x0000022ab88eef30 Unloading class 0x0000022aba244800 'java/lang/invoke/LambdaForm$MH+0x0000022aba244800'
Event: 2177.181 Thread 0x0000022ab88eef30 Unloading class 0x0000022aba244000 'java/lang/invoke/LambdaForm$MH+0x0000022aba244000'
Event: 2177.181 Thread 0x0000022ab88eef30 Unloading class 0x0000022aba238000 'jdk/internal/reflect/GeneratedConstructorAccessor5'
Event: 2177.181 Thread 0x0000022ab88eef30 Unloading class 0x0000022aba1d4400 'java/lang/invoke/LambdaForm$DMH+0x0000022aba1d4400'
Event: 2177.181 Thread 0x0000022ab88eef30 Unloading class 0x0000022aba0dc800 'java/lang/invoke/LambdaForm$DMH+0x0000022aba0dc800'
Event: 2177.181 Thread 0x0000022ab88eef30 Unloading class 0x0000022aba016800 'java/lang/invoke/LambdaForm$MH+0x0000022aba016800'
Event: 2177.182 Thread 0x0000022ab88eef30 Unloading class 0x0000022aba016000 'java/lang/invoke/LambdaForm$MH+0x0000022aba016000'
Event: 2177.182 Thread 0x0000022ab88eef30 Unloading class 0x0000022aba015c00 'java/lang/invoke/LambdaForm$MH+0x0000022aba015c00'
Event: 2177.182 Thread 0x0000022ab88eef30 Unloading class 0x0000022aba015800 'java/lang/invoke/LambdaForm$MH+0x0000022aba015800'
Event: 2177.182 Thread 0x0000022ab88eef30 Unloading class 0x0000022aba015400 'java/lang/invoke/LambdaForm$MH+0x0000022aba015400'
Event: 2177.182 Thread 0x0000022ab88eef30 Unloading class 0x0000022aba015000 'java/lang/invoke/LambdaForm$MH+0x0000022aba015000'
Event: 2177.182 Thread 0x0000022ab88eef30 Unloading class 0x0000022aba014800 'java/lang/invoke/LambdaForm$MH+0x0000022aba014800'
Event: 2177.182 Thread 0x0000022ab88eef30 Unloading class 0x0000022aba014000 'java/lang/invoke/LambdaForm$MH+0x0000022aba014000'

Classes redefined (0 events):
No events

Internal exceptions (20 events):
Event: 13.264 Thread 0x0000022a989fcf70 Exception <a 'sun/nio/fs/WindowsException'{0x00000000867e4e70}> (0x00000000867e4e70) 
thrown [s\open\src\hotspot\share\prims\jni.cpp, line 516]
Event: 13.385 Thread 0x0000022a989fcf70 Exception <a 'java/lang/IncompatibleClassChangeError'{0x00000000882f5618}: Found class java.lang.Object, but interface was expected> (0x00000000882f5618) 
thrown [s\open\src\hotspot\share\interpreter\linkResolver.cpp, line 826]
Event: 13.772 Thread 0x0000022a989fcf70 Exception <a 'java/lang/NoSuchMethodError'{0x000000008743f5e8}: 'void java.lang.invoke.DirectMethodHandle$Holder.invokeVirtual(java.lang.Object, java.lang.Object, long)'> (0x000000008743f5e8) 
thrown [s\open\src\hotspot\share\interpreter\linkResolver.cpp, line 759]
Event: 13.983 Thread 0x0000022a989fcf70 Exception <a 'java/lang/IncompatibleClassChangeError'{0x0000000086e086a0}: Found class java.lang.Object, but interface was expected> (0x0000000086e086a0) 
thrown [s\open\src\hotspot\share\interpreter\linkResolver.cpp, line 826]
Event: 14.010 Thread 0x0000022a989fcf70 Implicit null exception at 0x0000022aa9647eda to 0x0000022aa9648104
Event: 14.201 Thread 0x0000022a989fcf70 Exception <a 'java/lang/NoSuchMethodError'{0x000000008bb3f3f0}: 'java.lang.Object java.lang.invoke.DirectMethodHandle$Holder.newInvokeSpecial(java.lang.Object, java.lang.Object, int, java.lang.Object, java.lang.Object)'> (0x000000008bb3f3f0) 
thrown [s\open\src\hotspot\share\interpreter\linkResolver.cpp, line 759]
Event: 14.203 Thread 0x0000022a989fcf70 Exception <a 'java/lang/NoSuchMethodError'{0x000000008bb4a688}: 'java.lang.Object java.lang.invoke.DirectMethodHandle$Holder.invokeSpecial(java.lang.Object, java.lang.Object, int, java.lang.Object, int, java.lang.Object)'> (0x000000008bb4a688) 
thrown [s\open\src\hotspot\share\interpreter\linkResolver.cpp, line 759]
Event: 14.204 Thread 0x0000022a989fcf70 Exception <a 'java/lang/NoSuchMethodError'{0x000000008bb52400}: 'java.lang.Object java.lang.invoke.DirectMethodHandle$Holder.newInvokeSpecial(java.lang.Object, java.lang.Object, int, java.lang.Object, int)'> (0x000000008bb52400) 
thrown [s\open\src\hotspot\share\interpreter\linkResolver.cpp, line 759]
Event: 14.204 Thread 0x0000022a989fcf70 Exception <a 'java/lang/NoSuchMethodError'{0x000000008bb56500}: 'java.lang.Object java.lang.invoke.DirectMethodHandle$Holder.invokeSpecial(java.lang.Object, java.lang.Object, java.lang.Object, int, java.lang.Object, int)'> (0x000000008bb56500) 
thrown [s\open\src\hotspot\share\interpreter\linkResolver.cpp, line 759]
Event: 203.159 Thread 0x0000022a81efe740 Exception <a 'java/lang/NoSuchMethodError'{0x000000008806aa38}: 'java.lang.Object java.lang.invoke.DirectMethodHandle$Holder.invokeSpecial(java.lang.Object, java.lang.Object, java.lang.Object, java.lang.Object, java.lang.Object, long)'> (0x000000008806aa38) 
thrown [s\open\src\hotspot\share\interpreter\linkResolver.cpp, line 759]
Event: 203.161 Thread 0x0000022a81efe740 Exception <a 'java/lang/NoSuchMethodError'{0x000000008806e6e8}: 'java.lang.Object java.lang.invoke.Invokers$Holder.linkToTargetMethod(java.lang.Object, java.lang.Object, java.lang.Object, long, java.lang.Object)'> (0x000000008806e6e8) 
thrown [s\open\src\hotspot\share\interpreter\linkResolver.cpp, line 759]
Event: 205.546 Thread 0x0000022a81efc3d0 Exception <a 'java/lang/NoSuchMethodError'{0x00000000873201f0}: 'java.lang.Object java.lang.invoke.DirectMethodHandle$Holder.invokeInterface(java.lang.Object, java.lang.Object, java.lang.Object, java.lang.Object)'> (0x00000000873201f0) 
thrown [s\open\src\hotspot\share\interpreter\linkResolver.cpp, line 759]
Event: 205.778 Thread 0x0000022a81efc3d0 Exception <a 'java/lang/NoSuchMethodError'{0x0000000087382a28}: 'void java.lang.invoke.DirectMethodHandle$Holder.invokeSpecialIFC(java.lang.Object, java.lang.Object, int, java.lang.Object, java.lang.Object, java.lang.Object, java.lang.Object)'> (0x0000000087382a28) 
thrown [s\open\src\hotspot\share\interpreter\linkResolver.cpp, line 759]
Event: 207.330 Thread 0x0000022a81efc3d0 Exception <a 'java/lang/IncompatibleClassChangeError'{0x00000000883acd58}: Found class java.lang.Object, but interface was expected> (0x00000000883acd58) 
thrown [s\open\src\hotspot\share\interpreter\linkResolver.cpp, line 826]
Event: 1507.817 Thread 0x0000022a81f00ab0 Exception <a 'java/io/IOException'{0x00000000870de160}> (0x00000000870de160) 
thrown [s\open\src\hotspot\share\prims\jni.cpp, line 516]
Event: 1508.750 Thread 0x0000022a81f00ab0 Exception <a 'java/io/IOException'{0x0000000086fd53a8}> (0x0000000086fd53a8) 
thrown [s\open\src\hotspot\share\prims\jni.cpp, line 516]
Event: 1766.996 Thread 0x0000022a81efe230 Exception <a 'java/io/IOException'{0x00000000880e0a38}> (0x00000000880e0a38) 
thrown [s\open\src\hotspot\share\prims\jni.cpp, line 516]
Event: 1766.998 Thread 0x0000022a81efe230 Exception <a 'java/io/IOException'{0x00000000880e1578}> (0x00000000880e1578) 
thrown [s\open\src\hotspot\share\prims\jni.cpp, line 516]
Event: 2380.664 Thread 0x0000022a81efcdf0 Exception <a 'java/io/IOException'{0x00000000877e2098}> (0x00000000877e2098) 
thrown [s\open\src\hotspot\share\prims\jni.cpp, line 516]
Event: 2380.931 Thread 0x0000022a81efcdf0 Exception <a 'java/io/IOException'{0x00000000877e8758}> (0x00000000877e8758) 
thrown [s\open\src\hotspot\share\prims\jni.cpp, line 516]

VM Operations (20 events):
Event: 2346.896 Executing VM operation: Cleanup
Event: 2346.897 Executing VM operation: Cleanup done
Event: 2380.114 Executing VM operation: Cleanup
Event: 2380.122 Executing VM operation: Cleanup done
Event: 2381.134 Executing VM operation: Cleanup
Event: 2381.134 Executing VM operation: Cleanup done
Event: 2385.171 Executing VM operation: Cleanup
Event: 2385.171 Executing VM operation: Cleanup done
Event: 2388.197 Executing VM operation: Cleanup
Event: 2388.197 Executing VM operation: Cleanup done
Event: 2389.207 Executing VM operation: Cleanup
Event: 2389.207 Executing VM operation: Cleanup done
Event: 2389.857 Executing VM operation: G1CollectForAllocation
Event: 2389.898 Executing VM operation: G1CollectForAllocation done
Event: 2390.858 Executing VM operation: G1CollectForAllocation
Event: 2390.932 Executing VM operation: G1CollectForAllocation done
Event: 2391.938 Executing VM operation: Cleanup
Event: 2391.969 Executing VM operation: Cleanup done
Event: 2392.976 Executing VM operation: Cleanup
Event: 2392.976 Executing VM operation: Cleanup done

Events (20 events):
Event: 1782.879 Thread 0x0000022a81efe230 Thread exited: 0x0000022a81efe230
Event: 1782.941 Thread 0x0000022a81efdd20 Thread exited: 0x0000022a81efdd20
Event: 1785.635 Thread 0x0000022a81efdd20 Thread added: 0x0000022a81efdd20
Event: 1785.635 Thread 0x0000022a81efe230 Thread added: 0x0000022a81efe230
Event: 1800.741 Thread 0x0000022a81efdd20 Thread exited: 0x0000022a81efdd20
Event: 1800.819 Thread 0x0000022a81efe230 Thread exited: 0x0000022a81efe230
Event: 1803.900 Thread 0x0000022a81efdd20 Thread added: 0x0000022a81efdd20
Event: 1803.902 Thread 0x0000022a81eff670 Thread added: 0x0000022a81eff670
Event: 1808.948 Thread 0x0000022a81efdd20 Thread exited: 0x0000022a81efdd20
Event: 1809.043 Thread 0x0000022a81eff670 Thread exited: 0x0000022a81eff670
Event: 1895.634 loading class sun/util/resources/LocaleData$CommonResourceBundleProvider
Event: 1895.651 loading class sun/util/resources/LocaleData$LocaleDataResourceBundleProvider
Event: 1895.712 loading class java/util/spi/ResourceBundleProvider
Event: 1895.737 loading class java/util/spi/ResourceBundleProvider done
Event: 1895.737 loading class sun/util/resources/LocaleData$LocaleDataResourceBundleProvider done
Event: 1895.737 loading class sun/util/resources/LocaleData$CommonResourceBundleProvider done
Event: 1895.803 loading class java/util/ArrayList$SubList$1
Event: 1895.848 loading class java/util/ArrayList$SubList$1 done
Event: 1895.859 loading class sun/util/resources/Bundles$2
Event: 1895.901 loading class sun/util/resources/Bundles$2 done


Dynamic libraries:
0x00007ff6365a0000 - 0x00007ff6365b0000 	C:\Program Files\Java\jdk-17\bin\javaw.exe
0x00007ff82cf10000 - 0x00007ff82d126000 	C:\WINDOWS\SYSTEM32\ntdll.dll
0x00007ff82ac60000 - 0x00007ff82ad24000 	C:\WINDOWS\System32\KERNEL32.DLL
0x00007ff82a7a0000 - 0x00007ff82ab47000 	C:\WINDOWS\System32\KERNELBASE.dll
0x00007ff82a680000 - 0x00007ff82a791000 	C:\WINDOWS\System32\ucrtbase.dll
0x00007ff826680000 - 0x00007ff82669b000 	C:\Program Files\Java\jdk-17\bin\VCRUNTIME140.dll
0x00007ff81f760000 - 0x00007ff81f779000 	C:\Program Files\Java\jdk-17\bin\jli.dll
0x00007ff82b670000 - 0x00007ff82b722000 	C:\WINDOWS\System32\ADVAPI32.dll
0x00007ff82cad0000 - 0x00007ff82cb77000 	C:\WINDOWS\System32\msvcrt.dll
0x00007ff82c350000 - 0x00007ff82c3f8000 	C:\WINDOWS\System32\sechost.dll
0x00007ff82ac10000 - 0x00007ff82ac38000 	C:\WINDOWS\System32\bcrypt.dll
0x00007ff82be50000 - 0x00007ff82bf65000 	C:\WINDOWS\System32\RPCRT4.dll
0x00007ff82c170000 - 0x00007ff82c31e000 	C:\WINDOWS\System32\USER32.dll
0x00007ff82a3a0000 - 0x00007ff82a3c6000 	C:\WINDOWS\System32\win32u.dll
0x00007ff813420000 - 0x00007ff8136b3000 	C:\WINDOWS\WinSxS\amd64_microsoft.windows.common-controls_6595b64144ccf1df_6.0.22621.3235_none_270f74e173860f98\COMCTL32.dll
0x00007ff82c950000 - 0x00007ff82c979000 	C:\WINDOWS\System32\GDI32.dll
0x00007ff82a3d0000 - 0x00007ff82a4e9000 	C:\WINDOWS\System32\gdi32full.dll
0x00007ff82a4f0000 - 0x00007ff82a58a000 	C:\WINDOWS\System32\msvcp_win.dll
0x00007ff828e20000 - 0x00007ff828e2a000 	C:\WINDOWS\SYSTEM32\VERSION.dll
0x00007ff82c910000 - 0x00007ff82c941000 	C:\WINDOWS\System32\IMM32.DLL
0x00007ff8221a0000 - 0x00007ff8221ac000 	C:\Program Files\Java\jdk-17\bin\vcruntime140_1.dll
0x00007fffffab0000 - 0x00007fffffb3e000 	C:\Program Files\Java\jdk-17\bin\msvcp140.dll
0x00007fff80a60000 - 0x00007fff8163f000 	C:\Program Files\Java\jdk-17\bin\server\jvm.dll
0x00007ff82c400000 - 0x00007ff82c408000 	C:\WINDOWS\System32\PSAPI.DLL
0x00007ff8225d0000 - 0x00007ff822604000 	C:\WINDOWS\SYSTEM32\WINMM.dll
0x00007fffe6650000 - 0x00007fffe6659000 	C:\WINDOWS\SYSTEM32\WSOCK32.dll
0x00007ff82c410000 - 0x00007ff82c481000 	C:\WINDOWS\System32\WS2_32.dll
0x00007ff829240000 - 0x00007ff829258000 	C:\WINDOWS\SYSTEM32\kernel.appcore.dll
0x00007ff81f750000 - 0x00007ff81f75a000 	C:\Program Files\Java\jdk-17\bin\jimage.dll
0x00007ff8273c0000 - 0x00007ff8275f3000 	C:\WINDOWS\SYSTEM32\DBGHELP.DLL
0x00007ff82bac0000 - 0x00007ff82be48000 	C:\WINDOWS\System32\combase.dll
0x00007ff82ad30000 - 0x00007ff82ae07000 	C:\WINDOWS\System32\OLEAUT32.dll
0x00007ff822550000 - 0x00007ff822582000 	C:\WINDOWS\SYSTEM32\dbgcore.DLL
0x00007ff82a590000 - 0x00007ff82a609000 	C:\WINDOWS\System32\bcryptPrimitives.dll
0x00007ff812270000 - 0x00007ff812295000 	C:\Program Files\Java\jdk-17\bin\java.dll
0x00007fffff830000 - 0x00007fffff907000 	C:\Program Files\Java\jdk-17\bin\jsvml.dll
0x00007ff82ae10000 - 0x00007ff82b66c000 	C:\WINDOWS\System32\SHELL32.dll
0x00007ff827e90000 - 0x00007ff828789000 	C:\WINDOWS\SYSTEM32\windows.storage.dll
0x00007ff827d50000 - 0x00007ff827e8e000 	C:\WINDOWS\SYSTEM32\wintypes.dll
0x00007ff82c070000 - 0x00007ff82c163000 	C:\WINDOWS\System32\SHCORE.dll
0x00007ff82cb80000 - 0x00007ff82cbde000 	C:\WINDOWS\System32\shlwapi.dll
0x00007ff82a160000 - 0x00007ff82a181000 	C:\WINDOWS\SYSTEM32\profapi.dll
0x00007ff81f730000 - 0x00007ff81f749000 	C:\Program Files\Java\jdk-17\bin\net.dll
0x00007ff820730000 - 0x00007ff820866000 	C:\WINDOWS\SYSTEM32\WINHTTP.dll
0x00007ff8296a0000 - 0x00007ff829709000 	C:\WINDOWS\system32\mswsock.dll
0x00007ff812210000 - 0x00007ff812226000 	C:\Program Files\Java\jdk-17\bin\nio.dll
0x00007ff8120d0000 - 0x00007ff8120e8000 	C:\Program Files\Java\jdk-17\bin\zip.dll
0x00007ff81ea40000 - 0x00007ff81ea4e000 	C:\Program Files\Java\jdk-17\bin\sunmscapi.dll
0x00007ff82a230000 - 0x00007ff82a397000 	C:\WINDOWS\System32\CRYPT32.dll
0x00007ff829ae0000 - 0x00007ff829b0e000 	C:\WINDOWS\SYSTEM32\ncrypt.dll
0x00007ff829aa0000 - 0x00007ff829ad7000 	C:\WINDOWS\SYSTEM32\NTASN1.dll
0x00007ff829930000 - 0x00007ff82994b000 	C:\WINDOWS\SYSTEM32\CRYPTSP.dll
0x00007ff8291a0000 - 0x00007ff8291d5000 	C:\WINDOWS\system32\rsaenh.dll
0x00007ff829780000 - 0x00007ff8297a8000 	C:\WINDOWS\SYSTEM32\USERENV.dll
0x00007ff829920000 - 0x00007ff82992c000 	C:\WINDOWS\SYSTEM32\CRYPTBASE.dll
0x00007ff8289e0000 - 0x00007ff828a0d000 	C:\WINDOWS\SYSTEM32\IPHLPAPI.DLL
0x00007ff82c340000 - 0x00007ff82c349000 	C:\WINDOWS\System32\NSI.dll
0x00007ff8204b0000 - 0x00007ff8204c9000 	C:\WINDOWS\SYSTEM32\dhcpcsvc6.DLL
0x00007ff820450000 - 0x00007ff82046f000 	C:\WINDOWS\SYSTEM32\dhcpcsvc.DLL
0x00007ff828a10000 - 0x00007ff828b09000 	C:\WINDOWS\SYSTEM32\DNSAPI.dll
0x00007ff81c210000 - 0x00007ff81c21a000 	C:\Program Files\Java\jdk-17\bin\management.dll
0x00007ff81b120000 - 0x00007ff81b12b000 	C:\Program Files\Java\jdk-17\bin\management_ext.dll
0x00007ff811f10000 - 0x00007ff811f20000 	C:\Program Files\Java\jdk-17\bin\verify.dll
0x00007ff8183c0000 - 0x00007ff8183ca000 	C:\Windows\System32\rasadhlp.dll
0x00007ff81e360000 - 0x00007ff81e3e3000 	C:\WINDOWS\System32\fwpuclnt.dll
0x00007fffcab10000 - 0x00007fffcab18000 	C:\WINDOWS\system32\wshunix.dll

dbghelp: loaded successfully - version: 4.0.5 - missing functions: none
symbol engine: initialized successfully - sym options: 0x614 - pdb path: .;C:\Program Files\Java\jdk-17\bin;C:\WINDOWS\SYSTEM32;C:\WINDOWS\WinSxS\amd64_microsoft.windows.common-controls_6595b64144ccf1df_6.0.22621.3235_none_270f74e173860f98;C:\Program Files\Java\jdk-17\bin\server

VM Arguments:
jvm_args: -Dfile.encoding=UTF-8 -XX:+ShowCodeDetailsInExceptionMessages 
java_command: com.ecommerce.productSecurity.ProductSecurityApplication
java_class_path (initial): C:\Users\shiva\Desktop\Shiwangi\Project\ecommerce\productSecurity\target\classes;C:\Users\shiva\.m2\repository\org\springframework\boot\spring-boot-starter\3.2.5\spring-boot-starter-3.2.5.jar;C:\Users\shiva\.m2\repository\org\springframework\boot\spring-boot\3.2.5\spring-boot-3.2.5.jar;C:\Users\shiva\.m2\repository\org\springframework\spring-context\6.1.6\spring-context-6.1.6.jar;C:\Users\shiva\.m2\repository\org\springframework\boot\spring-boot-autoconfigure\3.2.5\spring-boot-autoconfigure-3.2.5.jar;C:\Users\shiva\.m2\repository\org\springframework\boot\spring-boot-starter-logging\3.2.5\spring-boot-starter-logging-3.2.5.jar;C:\Users\shiva\.m2\repository\ch\qos\logback\logback-classic\1.4.14\logback-classic-1.4.14.jar;C:\Users\shiva\.m2\repository\ch\qos\logback\logback-core\1.4.14\logback-core-1.4.14.jar;C:\Users\shiva\.m2\repository\org\apache\logging\log4j\log4j-to-slf4j\2.21.1\log4j-to-slf4j-2.21.1.jar;C:\Users\shiva\.m2\repository\org\apache\logging\log4j\log4j-api\2.21.1\log4j-api-2.21.1.jar;C:\Users\shiva\.m2\repository\org\slf4j\jul-to-slf4j\2.0.13\jul-to-slf4j-2.0.13.jar;C:\Users\shiva\.m2\repository\jakarta\annotation\jakarta.annotation-api\2.1.1\jakarta.annotation-api-2.1.1.jar;C:\Users\shiva\.m2\repository\org\springframework\spring-core\6.1.6\spring-core-6.1.6.jar;C:\Users\shiva\.m2\repository\org\springframework\spring-jcl\6.1.6\spring-jcl-6.1.6.jar;C:\Users\shiva\.m2\repository\org\yaml\snakeyaml\2.2\snakeyaml-2.2.jar;C:\Users\shiva\.m2\repository\org\springframework\boot\spring-boot-starter-data-jpa\3.2.5\spring-boot-starter-data-jpa-3.2.5.jar;C:\Users\shiva\.m2\repository\org\springframework\boot\spring-boot-starter-aop\3.2.5\spring-boot-starter-aop-3.2.5.jar;C:\Users\shiva\.m2\repository\org\aspectj\aspectjweaver\1.9.22\aspectjweaver-1.9.22.jar;C:\Users\shiva\.m2\repository\org\springframework\boot\spring-boot-starter-jdbc\3.2.5\spring-boot-starter-jdbc-3.2.5.jar;C:\Users\shiva\.m2\repository\com\zaxxer\HikariCP\5.0.1\H
Launcher Type: SUN_STANDARD

[Global flags]
     intx CICompilerCount                          = 4                                         {product} {ergonomic}
     uint ConcGCThreads                            = 2                                         {product} {ergonomic}
     uint G1ConcRefinementThreads                  = 8                                         {product} {ergonomic}
   size_t G1HeapRegionSize                         = 1048576                                   {product} {ergonomic}
    uintx GCDrainStackTargetSize                   = 64                                        {product} {ergonomic}
   size_t InitialHeapSize                          = 130023424                                 {product} {ergonomic}
   size_t MarkStackSize                            = 4194304                                   {product} {ergonomic}
   size_t MaxHeapSize                              = 2080374784                                {product} {ergonomic}
   size_t MaxNewSize                               = 1247805440                                {product} {ergonomic}
   size_t MinHeapDeltaBytes                        = 1048576                                   {product} {ergonomic}
   size_t MinHeapSize                              = 8388608                                   {product} {ergonomic}
    uintx NonNMethodCodeHeapSize                   = 5839372                                {pd product} {ergonomic}
    uintx NonProfiledCodeHeapSize                  = 122909434                              {pd product} {ergonomic}
    uintx ProfiledCodeHeapSize                     = 122909434                              {pd product} {ergonomic}
    uintx ReservedCodeCacheSize                    = 251658240                              {pd product} {ergonomic}
     bool SegmentedCodeCache                       = true                                      {product} {ergonomic}
     bool ShowCodeDetailsInExceptionMessages       = true                                   {manageable} {command line}
   size_t SoftMaxHeapSize                          = 2080374784                             {manageable} {ergonomic}
     bool UseCompressedClassPointers               = true                           {product lp64_product} {ergonomic}
     bool UseCompressedOops                        = true                           {product lp64_product} {ergonomic}
     bool UseG1GC                                  = true                                      {product} {ergonomic}
     bool UseLargePagesIndividualAllocation        = false                                  {pd product} {ergonomic}

Logging:
Log output configuration:
 #0: stdout all=warning uptime,level,tags
 #1: stderr all=off uptime,level,tags

Environment Variables:
JAVA_HOME=C:\Program Files\Java\jdk1.8.0_351
PATH=C:/Users/shiva/.p2/pool/plugins/org.eclipse.justj.openjdk.hotspot.jre.full.win32.x86_64_17.0.5.v20221102-0933/jre/bin/server;C:/Users/shiva/.p2/pool/plugins/org.eclipse.justj.openjdk.hotspot.jre.full.win32.x86_64_17.0.5.v20221102-0933/jre/bin;C:\Python312\Scripts\;C:\Python312\;C:\Program Files\Common Files\Oracle\Java\javapath;C:\Program Files (x86)\Common Files\Oracle\Java\javapath;C:\Windows\system32;C:\Windows;C:\Windows\System32\Wbem;C:\Windows\System32\WindowsPowerShell\v1.0\;C:\Windows\System32\OpenSSH\;C:\Program Files\dotnet\;C:\Program Files\Git\cmd;C:\Program Files\Microsoft SQL Server\150\Tools\Binn\;C:\Users\shiva\Desktop\Shiwangi\Eclipse\kubectl;C:\minikube;C:\Program Files\Git\bin\git.exe;C:\ProgramData\chocolatey\bin;C:\Program Files\TortoiseSVN\bin;C:\Program Files\Java\jdk1.8.0_351\bin;;C:\WINDOWS\system32;C:\WINDOWS;C:\WINDOWS\System32\Wbem;C:\WINDOWS\System32\WindowsPowerShell\v1.0\;C:\WINDOWS\System32\OpenSSH\;C:\Program Files\Docker\Docker\resources\bin;C:\Program Files\nodejs\;C:\Windows\system32;C:\Windows;C:\Windows\System32\Wbem;C:\Windows\System32\WindowsPowerShell\v1.0\;C:\Windows\System32\OpenSSH\;C:\Program Files\dotnet\;C:\Users\shiva\AppData\Local\Microsoft\WindowsApps;C:\Users\shiva\.spyder-py3;C:\Users\shiva\Desktop\Shiwangi\Java\jdk-11.0.16.1\bin;C:\Users\shiva\Desktop\Shiwangi\Maven\apache-maven-3.8.6\bin;C:\Users\shiva\AppData\Local\Programs\Microsoft VS Code\bin;C:\Users\shiva\Desktop\Shiwangi\OpenSSL\bin;;C:\Users\shiva\AppData\Local\Microsoft\WindowsApps;C:\Users\shiva\AppData\Roaming\npm;C:\WINDOWS\system32;
USERNAME=shiva
OS=Windows_NT
PROCESSOR_IDENTIFIER=Intel64 Family 6 Model 140 Stepping 1, GenuineIntel



---------------  S Y S T E M  ---------------

OS:
 Windows 11 , 64 bit Build 22621 (10.0.22621.3374)
OS uptime: 1 days 0:58 hours
Hyper-V role detected

CPU: total 8 (initial active 8) (4 cores per cpu, 2 threads per core) family 6 model 140 stepping 1 microcode 0xa4, cx8, cmov, fxsr, ht, mmx, 3dnowpref, sse, sse2, sse3, ssse3, sse4.1, sse4.2, popcnt, lzcnt, tsc, tscinvbit, avx, avx2, aes, erms, clmul, bmi1, bmi2, adx, avx512f, avx512dq, avx512cd, avx512bw, avx512vl, sha, fma, vzeroupper, avx512_vpopcntdq, avx512_vpclmulqdq, avx512_vaes, avx512_vnni, clflush, clflushopt, clwb, avx512_vbmi2, avx512_vbmi, hv

Memory: 4k page, system-wide physical 7930M (332M free)
TotalPageFile size 32506M (AvailPageFile size 0M)
current process WorkingSet (physical memory assigned to process): 129M, peak: 264M
current process commit charge ("private bytes"): 290M, peak: 303M

vm_info: Java HotSpot(TM) 64-Bit Server VM (17.0.10+11-LTS-240) for windows-amd64 JRE (17.0.10+11-LTS-240), built on Dec 19 2023 21:47:25 by "mach5one" with MS VC++ 17.1 (VS2022)

END.
